
ROM used:   1040/32768 (3%)
            1040/32768 (3%) including unused fragments

            0.7 Average locations per line
            5.4 Average locations per statement

RAM used:   5/2048 (0%) at main() level
            18/2048 (1%) worst case

Stack used: 6 worst case (6 in main + 0 for interrupts)
Stack size: 31

Lines Stmts  %   Files
----- ----- ---  -----
  158    91  48  main.c
   25     0   0  main.h
  837     0   0  ..\..\..\..\..\..\..\Program Files (x86)\PICC\devices\18F4550.h
  456   100  52  ..\..\..\..\..\..\..\Program Files (x86)\PICC\drivers\lcd.c
----- -----
 1476   191 Total

Page ROM  %  RAM   Vol Diff  Functions:
---- --- --- ---   --- ----  ----------
0     38   2    1             @delay_ms1
0     78   4    3   760  4.5  lcd_read_byte
0     82   4    2   262  3.7  lcd_read_nibble
0     72   3    1   399  2.4  lcd_send_nibble
0     70   3    3   415  3.7  lcd_send_byte
0    128   6    6   852  6.2  lcd_init
0     34   2    4   208  6.3  lcd_gotoxy
0     80   4    1   354  4.7  lcd_putc
0     58   3    1   174  3.3  MAIN
0     12   1    0             @const687
0     34   2    2             @PSTRINGC_670
0    350  17    1  2292  3.9  keypad
 Inline         0             @cinit1

Program metrics:
    Functions               9
    Statements              191
    Comments                272
    Volume (V)              8352
    Difficulty (D)          38.1
    Effort to implement (E) 317778
    Time to implement (T)   4 hours, 54 minutes
    Est Delivered Bugs (B)  2
    Cyclomatic Complexity   25
    Maintainability (MI)    125

 Segment     Used  Free
-----------  ----  ----
00000-00002     4  0  
00004-07FFE  1036  31728  



