
ROM used:   666/32768 (2%)
            666/32768 (2%) including unused fragments

            0.5 Average locations per line
            6.4 Average locations per statement

RAM used:   4/2048 (0%) at main() level
            17/2048 (1%) worst case

Stack used: 6 worst case (6 in main + 0 for interrupts)
Stack size: 31

Lines Stmts  %   Files
----- ----- ---  -----
   26     4   4  main.c
   25     0   0  main.h
  837     0   0  ..\..\..\..\..\..\..\Program Files (x86)\PICC\devices\18F4550.h
  456   100  96  ..\..\..\..\..\..\..\Program Files (x86)\PICC\drivers\lcd.c
----- -----
 1344   104 Total

Page ROM  %  RAM   Vol Diff  Functions:
---- --- --- ---   --- ----  ----------
0     38   3    1             @delay_ms1
0     78   6    3   760  4.5  lcd_read_byte
0     82   6    2   262  3.7  lcd_read_nibble
0     72   5    1   399  2.4  lcd_send_nibble
0     70   5    3   415  3.7  lcd_send_byte
0    128  10    6   852  6.2  lcd_init
0     34   3    4   208  6.3  lcd_gotoxy
0     82   6    1   354  4.7  lcd_putc
0     32   2    0    45  1.1  MAIN
0     12   1    0             @const685
0     34   3    2             @PSTRINGC_670
 Inline         0  2292  3.9  @cinit1

Program metrics:
    Functions               9
    Statements              104
    Comments                261
    Volume (V)              8094
    Difficulty (D)          36.1
    Effort to implement (E) 292588
    Time to implement (T)   4 hours, 31 minutes
    Est Delivered Bugs (B)  1
    Cyclomatic Complexity   24
    Maintainability (MI)    140

 Segment     Used  Free
-----------  ----  ----
00000-00002     4  0  
00004-07FFE   662  32102  



