
ROM used:   134/32768 (0%)
            134/32768 (0%) including unused fragments

            0.2 Average locations per line
            14.9 Average locations per statement

RAM used:   5/2048 (0%) at main() level
            8/2048 (0%) worst case

Stack used: 1 worst case (1 in main + 0 for interrupts)
Stack size: 31

Lines Stmts  %   Files
----- ----- ---  -----
   23     9 100  main.c
  837     0   0  ..\..\..\..\..\..\..\Program Files (x86)\PICC\devices\18F4550.h
----- -----
  860     9 Total

Page ROM  %  RAM   Vol Diff  Functions:
---- --- --- ---   --- ----  ----------
0     40  15    1             @delay_ms1
0     90  34    1   240  4.8  main
 Inline         0   262  3.7  @cinit1

Program metrics:
    Functions               2
    Statements              9
    Comments                153
    Volume (V)              603
    Difficulty (D)          8.3
    Effort to implement (E) 4990
    Time to implement (T)   5 minutes
    Est Delivered Bugs (B)  0
    Cyclomatic Complexity   1
    Maintainability (MI)    158

 Segment     Used  Free
-----------  ----  ----
00000-00002     4  0  
00004-07FFE   130  32634  



