
ROM used:   272/32768 (1%)
            272/32768 (1%) including unused fragments

            0.3 Average locations per line
            17.0 Average locations per statement

RAM used:   22/2048 (1%) at main() level
            23/2048 (1%) worst case

Stack used: 2 worst case (0 in main + 2 for interrupts)
Stack size: 31

Lines Stmts  %   Files
----- ----- ---  -----
   40    16 100  main.c
   25     0   0  main.h
  837     0   0  ..\..\..\..\..\..\..\Program Files (x86)\PICC\devices\18F4550.h
----- -----
  902    16 Total

Page ROM  %  RAM   Vol Diff  Functions:
---- --- --- ---   --- ----  ----------
0     38   7    1             @delay_ms1
0     18   3    0    54  1.2  EXT1_isr
0     18   3    0    54  1.2  EXT2_isr
0     40   7    0   186  2.3  MAIN
 Inline         0   415  3.7  @cinit1

Program metrics:
    Functions               4
    Statements              16
    Comments                163
    Volume (V)              957
    Difficulty (D)          8.4
    Effort to implement (E) 8046
    Time to implement (T)   7 minutes
    Est Delivered Bugs (B)  0
    Cyclomatic Complexity   1
    Maintainability (MI)    98

 Segment     Used  Free
-----------  ----  ----
00000-00002     4  0  
00004-00006     0  4  
00008-000A0   154  0  
000A2-07FFE   114  32492  



