
ROM used:   2320/32768 (7%)
            2320/32768 (7%) including unused fragments

            1.5 Average locations per line
            13.0 Average locations per statement

RAM used:   12/2048 (1%) at main() level
            28/2048 (1%) worst case

Stack used: 6 worst case (6 in main + 0 for interrupts)
Stack size: 31

Lines Stmts  %   Files
----- ----- ---  -----
   51    12   7  main.c
   25     0   0  main.h
  837     0   0  ..\..\..\..\..\..\..\Program Files (x86)\PICC\devices\18F4550.h
  138    67  37  DS1307.c
  456   100  56  ..\..\..\..\..\..\..\Program Files (x86)\PICC\drivers\lcd.c
----- -----
 1507   179 Total

Page ROM  %  RAM   Vol Diff  Functions:
---- --- --- ---   --- ----  ----------
0     38   1    1             @delay_ms1
0    102   2    3   240  4.8  @I2C_READ_1
0    108   2    1   262  3.7  @I2C_WRITE_1
0    312   7    2   445  2.4  ds1307_init
0    206   4    8   545  3.1  ds1307_set_date_time
 Inline         5   407  3.4  ds1307_get_date
 Inline         4   333  3.2  ds1307_get_time
0     36   1    3   257  6.6  bin2bcd
0     38   1    3   180  3.4  bcd2bin
0     78   2    3   760  4.5  lcd_read_byte
0     82   2    2   262  3.7  lcd_read_nibble
0     72   2    1   399  2.4  lcd_send_nibble
0     70   2    3   415  3.7  lcd_send_byte
0    128   3    6   852  6.2  lcd_init
0     34   1    4   208  6.3  lcd_gotoxy
0     80   2    1   354  4.7  lcd_putc
0    598  13    1   453  2.3  MAIN
0     14   0    0             @const722
0     34   1    2             @PSTRINGC_700
0     24   1    0             @const724
0     30   1    3             @PSTRINGCN_700
0     40   1    3             @DIV88
0    170   4    6             @PRINTF_D0_700
0     22   0    0             @const733
 Inline         0             @cinit1

Program metrics:
    Functions               16
    Statements              179
    Comments                312
    Volume (V)              10930
    Difficulty (D)          63.7
    Effort to implement (E) 695820
    Time to implement (T)   10 hours, 44 minutes
    Est Delivered Bugs (B)  3
    Cyclomatic Complexity   10
    Maintainability (MI)    124

 Segment     Used  Free
-----------  ----  ----
00000-00002     4  0  
00004-07FFE  2316  30448  



